<?xml version="1.0" encoding="UTF-8"?>
<testsuite xmlns:xsi="http://www.w3.org/2001/XMLSchema-instance" xsi:noNamespaceSchemaLocation="https://maven.apache.org/surefire/maven-surefire-plugin/xsd/surefire-test-report-3.0.xsd" version="3.0" name="com.iescastelar.CalculadoraTest" time="0.205" tests="24" errors="0" skipped="0" failures="0">
  <properties>
[...]
</properties>
  <testcase name="testSumar" classname="com.iescastelar.CalculadoraTest" time="0.035"/>
  <testcase name="testTotal" classname="com.iescastelar.CalculadoraTest" time="0.002"/>
  <testcase name="testTotal(String, float)[1]" classname="com.iescastelar.CalculadoraTest" time="0.028"/>
  <testcase name="testTotal(String, float)[2]" classname="com.iescastelar.CalculadoraTest" time="0.001"/>
  <testcase name="testTotal(String, float)[3]" classname="com.iescastelar.CalculadoraTest" time="0.002"/>
  <testcase name="testTotal(String, float)[4]" classname="com.iescastelar.CalculadoraTest" time="0.001"/>
  <testcase name="testTotal(String, float)[5]" classname="com.iescastelar.CalculadoraTest" time="0.001"/>
  <testcase name="testTotal(String, float)[6]" classname="com.iescastelar.CalculadoraTest" time="0.001"/>
  <testcase name="testTotal(String, float)[7]" classname="com.iescastelar.CalculadoraTest" time="0.001"/>
  <testcase name="testTotal(String, float)[8]" classname="com.iescastelar.CalculadoraTest" time="0.001"/>
  <testcase name="testTotal(String, float)[9]" classname="com.iescastelar.CalculadoraTest" time="0.001"/>
  <testcase name="testTotal(String, float)[10]" classname="com.iescastelar.CalculadoraTest" time="0.001"/>
  <testcase name="testTotal(String, float)[11]" classname="com.iescastelar.CalculadoraTest" time="0.001"/>
  <testcase name="testTotal(String, float)[12]" classname="com.iescastelar.CalculadoraTest" time="0.002"/>
  <testcase name="testTotal(String, float)[13]" classname="com.iescastelar.CalculadoraTest" time="0.001"/>
  <testcase name="testTotal(String, float)[14]" classname="com.iescastelar.CalculadoraTest" time="0.002"/>
  <testcase name="testTotal(String, float)[15]" classname="com.iescastelar.CalculadoraTest" time="0.002"/>
  <testcase name="testTotal(String, float)[16]" classname="com.iescastelar.CalculadoraTest" time="0.001"/>
  <testcase name="testTotal(String, float)[17]" classname="com.iescastelar.CalculadoraTest" time="0.001"/>
  <testcase name="testTotal(String, float)[18]" classname="com.iescastelar.CalculadoraTest" time="0.001"/>
  <testcase name="testTotal(String, float)[19]" classname="com.iescastelar.CalculadoraTest" time="0.001"/>
  <testcase name="testTotal(String, float)[20]" classname="com.iescastelar.CalculadoraTest" time="0.001"/>
  <testcase name="testTotal(String, float)[21]" classname="com.iescastelar.CalculadoraTest" time="0.001"/>
  <testcase name="testMultiplicar" classname="com.iescastelar.CalculadoraTest" time="0.001"/>
</testsuite>